<?xml version="1.0" encoding="UTF-8"?>
<!-- Generated by org.testng.reporters.JUnitReportReporter -->
<testsuite skipped="0" hostname="candy-PC" name="com.test.selenium.IEdriver" tests="1" failures="0" timestamp="02 七月 2017 01:00:09 GMT" time="10.084" errors="0">
  <testcase name="f" time="10.084" classname="com.test.selenium.IEdriver"/>
</testsuite> <!-- com.test.selenium.IEdriver -->
