<?xml version="1.0" encoding="UTF-8"?>
<!-- Generated by org.testng.reporters.JUnitReportReporter -->
<testsuite skipped="0" hostname="candy-PC" name="com.test.selenium.NewTest" tests="1" failures="0" timestamp="30 六月 2017 08:11:27 GMT" time="23.733" errors="0">
  <testcase name="f" time="23.733" classname="com.test.selenium.NewTest"/>
</testsuite> <!-- com.test.selenium.NewTest -->
