<?xml version="1.0" encoding="UTF-8"?>
<!-- Generated by org.testng.reporters.JUnitReportReporter -->
<testsuite skipped="0" hostname="candy-PC" name="com.test.groups.testng.RunAsGroups" tests="2" failures="0" timestamp="02 七月 2017 14:25:52 GMT" time="66.441" errors="0">
  <testcase name="f1" time="39.157" classname="com.test.groups.testng.RunAsGroups"/>
  <testcase name="f2" time="27.284" classname="com.test.groups.testng.RunAsGroups"/>
</testsuite> <!-- com.test.groups.testng.RunAsGroups -->
