<?xml version="1.0" encoding="UTF-8"?>
<!-- Generated by org.testng.reporters.JUnitReportReporter -->
<testsuite skipped="0" hostname="candy-PC" name="com.test.samper.SamperOne" tests="1" failures="0" timestamp="05 七月 2017 09:14:51 GMT" time="39.343" errors="0">
  <testcase name="dragAndDrop" time="39.343" classname="com.test.samper.SamperOne"/>
</testsuite> <!-- com.test.samper.SamperOne -->
