<?xml version="1.0" encoding="UTF-8"?>
<!-- Generated by org.testng.reporters.JUnitReportReporter -->
<testsuite skipped="0" hostname="candy-PC" name="com.test.parameters.ParameterTest" tests="1" failures="0" timestamp="02 七月 2017 14:49:08 GMT" time="0.044" errors="0">
  <testcase name="f" time="0.044" classname="com.test.parameters.ParameterTest"/>
</testsuite> <!-- com.test.parameters.ParameterTest -->
