<?xml version="1.0" encoding="UTF-8"?>
<!-- Generated by org.testng.reporters.JUnitReportReporter -->
<testsuite skipped="0" hostname="candy-PC" name="com.test.selenium.Chromedriver" tests="1" failures="0" timestamp="01 七月 2017 15:06:51 GMT" time="16.994" errors="0">
  <testcase name="f" time="16.994" classname="com.test.selenium.Chromedriver"/>
</testsuite> <!-- com.test.selenium.Chromedriver -->
