<?xml version="1.0" encoding="UTF-8"?>
<!-- Generated by org.testng.reporters.JUnitReportReporter -->
<testsuite skipped="0" hostname="candy-PC" name="com.test.browser.TestBrowser" tests="1" failures="0" timestamp="02 七月 2017 08:28:26 GMT" time="42.502" errors="0">
  <testcase name="f" time="42.502" classname="com.test.browser.TestBrowser"/>
</testsuite> <!-- com.test.browser.TestBrowser -->
