<?xml version="1.0" encoding="UTF-8"?>
<!-- Generated by org.testng.reporters.JUnitReportReporter -->
<testsuite skipped="0" hostname="candy-PC" name="com.test.selenium.Firefoxdriver" tests="1" failures="0" timestamp="01 七月 2017 14:56:58 GMT" time="102.545" errors="0">
  <testcase name="f" time="102.545" classname="com.test.selenium.Firefoxdriver"/>
</testsuite> <!-- com.test.selenium.Firefoxdriver -->
